2020-12-14T14:42:11.774Z|info : amplify env core add 
2020-12-14T14:42:24.476Z|info : amplify-provider-awscloudformation.zip-util.downloadZip.s3.getFile([{"Key":"[***]rent-[***]ud-[***]d.zip"},null])
2020-12-14T14:42:24.479Z|info : amplify-provider-awscloudformation.aws-s3.s3.getFile([{"Key":"[***]rent-[***]ud-[***]d.zip","Bucket":"[***]ify-[***]iroapp-[***]od-[***]332-[***]ment"}])
2020-12-14T14:42:25.586Z|info : amplify-provider-awscloudformation.initialize-env.run.cfn.updateamplifyMetaFileWithStackOutputs([{"StackName":"[***]ify-[***]iroapp-[***]od-[***]332"}])
2020-12-14T14:42:30.265Z|info : amplify-provider-awscloudformation.aws-s3.s3.getFile([{"Key":"[***]ify-[***]json","Bucket":"[***]ify-[***]iroapp-[***]od-[***]332-[***]ment"}])
2020-12-14T14:42:38.382Z|info : amplify publish core  
2020-12-14T14:42:42.437Z|info : amplify-provider-awscloudformation.zip-util.downloadZip.s3.getFile([{"Key":"[***]rent-[***]ud-[***]d.zip"},null])
2020-12-14T14:42:42.440Z|info : amplify-provider-awscloudformation.aws-s3.s3.getFile([{"Key":"[***]rent-[***]ud-[***]d.zip","Bucket":"[***]ify-[***]iroapp-[***]od-[***]332-[***]ment"}])
2020-12-14T14:42:43.476Z|info : amplify-provider-awscloudformation.initialize-env.run.cfn.updateamplifyMetaFileWithStackOutputs([{"StackName":"[***]ify-[***]iroapp-[***]od-[***]332"}])
2020-12-14T14:42:48.042Z|info : amplify-provider-awscloudformation.aws-s3.s3.getFile([{"Key":"[***]ify-[***]json","Bucket":"[***]ify-[***]iroapp-[***]od-[***]332-[***]ment"}])
2020-12-14T14:42:59.899Z|info : amplify-provider-awscloudformation.upload-appsync-files.uploadAppSyncFiles.upload.s3Client.uploadFile([{"Key":"[***]mation-[***]e.json"}])
2020-12-14T14:42:59.900Z|info : amplify-provider-awscloudformation.aws-s3.uploadFile.s3.putObject([{"Key":"[***]ify-[***]ync-[***]es/[***]4227b1391e292d74/[***]mation-[***]e.json","Bucket":"[***]ify-[***]iroapp-[***]od-[***]332-[***]ment"}])
2020-12-14T14:42:59.903Z|info : amplify-provider-awscloudformation.upload-appsync-files.uploadAppSyncFiles.upload.s3Client.uploadFile([{"Key":"[***]s.json"}])
2020-12-14T14:42:59.903Z|info : amplify-provider-awscloudformation.aws-s3.uploadFile.s3.putObject([{"Key":"[***]ify-[***]ync-[***]es/[***]4227b1391e292d74/[***]s.json","Bucket":"[***]ify-[***]iroapp-[***]od-[***]332-[***]ment"}])
2020-12-14T14:42:59.905Z|info : amplify-provider-awscloudformation.upload-appsync-files.uploadAppSyncFiles.upload.s3Client.uploadFile([{"Key":"[***]vers/[***]istro.req.vtl"}])
2020-12-14T14:42:59.905Z|info : amplify-provider-awscloudformation.aws-s3.uploadFile.s3.putObject([{"Key":"[***]ify-[***]ync-[***]es/[***]4227b1391e292d74/[***]vers/[***]istro.req.vtl","Bucket":"[***]ify-[***]iroapp-[***]od-[***]332-[***]ment"}])
2020-12-14T14:42:59.907Z|info : amplify-provider-awscloudformation.upload-appsync-files.uploadAppSyncFiles.upload.s3Client.uploadFile([{"Key":"[***]vers/[***]istro.res.vtl"}])
2020-12-14T14:42:59.907Z|info : amplify-provider-awscloudformation.aws-s3.uploadFile.s3.putObject([{"Key":"[***]ify-[***]ync-[***]es/[***]4227b1391e292d74/[***]vers/[***]istro.res.vtl","Bucket":"[***]ify-[***]iroapp-[***]od-[***]332-[***]ment"}])
2020-12-14T14:42:59.909Z|info : amplify-provider-awscloudformation.upload-appsync-files.uploadAppSyncFiles.upload.s3Client.uploadFile([{"Key":"[***]vers/[***]istro.req.vtl"}])
2020-12-14T14:42:59.909Z|info : amplify-provider-awscloudformation.aws-s3.uploadFile.s3.putObject([{"Key":"[***]ify-[***]ync-[***]es/[***]4227b1391e292d74/[***]vers/[***]istro.req.vtl","Bucket":"[***]ify-[***]iroapp-[***]od-[***]332-[***]ment"}])
2020-12-14T14:42:59.912Z|info : amplify-provider-awscloudformation.upload-appsync-files.uploadAppSyncFiles.upload.s3Client.uploadFile([{"Key":"[***]vers/[***]istro.res.vtl"}])
2020-12-14T14:42:59.912Z|info : amplify-provider-awscloudformation.aws-s3.uploadFile.s3.putObject([{"Key":"[***]ify-[***]ync-[***]es/[***]4227b1391e292d74/[***]vers/[***]istro.res.vtl","Bucket":"[***]ify-[***]iroapp-[***]od-[***]332-[***]ment"}])
2020-12-14T14:42:59.914Z|info : amplify-provider-awscloudformation.upload-appsync-files.uploadAppSyncFiles.upload.s3Client.uploadFile([{"Key":"[***]vers/[***]istro.req.vtl"}])
2020-12-14T14:42:59.914Z|info : amplify-provider-awscloudformation.aws-s3.uploadFile.s3.putObject([{"Key":"[***]ify-[***]ync-[***]es/[***]4227b1391e292d74/[***]vers/[***]istro.req.vtl","Bucket":"[***]ify-[***]iroapp-[***]od-[***]332-[***]ment"}])
2020-12-14T14:42:59.916Z|info : amplify-provider-awscloudformation.upload-appsync-files.uploadAppSyncFiles.upload.s3Client.uploadFile([{"Key":"[***]vers/[***]istro.res.vtl"}])
2020-12-14T14:42:59.916Z|info : amplify-provider-awscloudformation.aws-s3.uploadFile.s3.putObject([{"Key":"[***]ify-[***]ync-[***]es/[***]4227b1391e292d74/[***]vers/[***]istro.res.vtl","Bucket":"[***]ify-[***]iroapp-[***]od-[***]332-[***]ment"}])
2020-12-14T14:42:59.917Z|info : amplify-provider-awscloudformation.upload-appsync-files.uploadAppSyncFiles.upload.s3Client.uploadFile([{"Key":"[***]vers/[***]ro.req.vtl"}])
2020-12-14T14:42:59.917Z|info : amplify-provider-awscloudformation.aws-s3.uploadFile.s3.putObject([{"Key":"[***]ify-[***]ync-[***]es/[***]4227b1391e292d74/[***]vers/[***]ro.req.vtl","Bucket":"[***]ify-[***]iroapp-[***]od-[***]332-[***]ment"}])
2020-12-14T14:42:59.919Z|info : amplify-provider-awscloudformation.upload-appsync-files.uploadAppSyncFiles.upload.s3Client.uploadFile([{"Key":"[***]vers/[***]ro.res.vtl"}])
2020-12-14T14:42:59.919Z|info : amplify-provider-awscloudformation.aws-s3.uploadFile.s3.putObject([{"Key":"[***]ify-[***]ync-[***]es/[***]4227b1391e292d74/[***]vers/[***]ro.res.vtl","Bucket":"[***]ify-[***]iroapp-[***]od-[***]332-[***]ment"}])
2020-12-14T14:42:59.921Z|info : amplify-provider-awscloudformation.upload-appsync-files.uploadAppSyncFiles.upload.s3Client.uploadFile([{"Key":"[***]vers/[***]ros.req.vtl"}])
2020-12-14T14:42:59.921Z|info : amplify-provider-awscloudformation.aws-s3.uploadFile.s3.putObject([{"Key":"[***]ify-[***]ync-[***]es/[***]4227b1391e292d74/[***]vers/[***]ros.req.vtl","Bucket":"[***]ify-[***]iroapp-[***]od-[***]332-[***]ment"}])
2020-12-14T14:42:59.924Z|info : amplify-provider-awscloudformation.upload-appsync-files.uploadAppSyncFiles.upload.s3Client.uploadFile([{"Key":"[***]vers/[***]ros.res.vtl"}])
2020-12-14T14:42:59.924Z|info : amplify-provider-awscloudformation.aws-s3.uploadFile.s3.putObject([{"Key":"[***]ify-[***]ync-[***]es/[***]4227b1391e292d74/[***]vers/[***]ros.res.vtl","Bucket":"[***]ify-[***]iroapp-[***]od-[***]332-[***]ment"}])
2020-12-14T14:42:59.926Z|info : amplify-provider-awscloudformation.upload-appsync-files.uploadAppSyncFiles.upload.s3Client.uploadFile([{"Key":"[***]vers/[***]egistro.req.vtl"}])
2020-12-14T14:42:59.926Z|info : amplify-provider-awscloudformation.aws-s3.uploadFile.s3.putObject([{"Key":"[***]ify-[***]ync-[***]es/[***]4227b1391e292d74/[***]vers/[***]egistro.req.vtl","Bucket":"[***]ify-[***]iroapp-[***]od-[***]332-[***]ment"}])
2020-12-14T14:42:59.928Z|info : amplify-provider-awscloudformation.upload-appsync-files.uploadAppSyncFiles.upload.s3Client.uploadFile([{"Key":"[***]vers/[***]egistro.res.vtl"}])
2020-12-14T14:42:59.928Z|info : amplify-provider-awscloudformation.aws-s3.uploadFile.s3.putObject([{"Key":"[***]ify-[***]ync-[***]es/[***]4227b1391e292d74/[***]vers/[***]egistro.res.vtl","Bucket":"[***]ify-[***]iroapp-[***]od-[***]332-[***]ment"}])
2020-12-14T14:42:59.930Z|info : amplify-provider-awscloudformation.upload-appsync-files.uploadAppSyncFiles.upload.s3Client.uploadFile([{"Key":"[***]vers/[***]egistro.req.vtl"}])
2020-12-14T14:42:59.931Z|info : amplify-provider-awscloudformation.aws-s3.uploadFile.s3.putObject([{"Key":"[***]ify-[***]ync-[***]es/[***]4227b1391e292d74/[***]vers/[***]egistro.req.vtl","Bucket":"[***]ify-[***]iroapp-[***]od-[***]332-[***]ment"}])
2020-12-14T14:42:59.932Z|info : amplify-provider-awscloudformation.upload-appsync-files.uploadAppSyncFiles.upload.s3Client.uploadFile([{"Key":"[***]vers/[***]egistro.res.vtl"}])
2020-12-14T14:42:59.933Z|info : amplify-provider-awscloudformation.aws-s3.uploadFile.s3.putObject([{"Key":"[***]ify-[***]ync-[***]es/[***]4227b1391e292d74/[***]vers/[***]egistro.res.vtl","Bucket":"[***]ify-[***]iroapp-[***]od-[***]332-[***]ment"}])
2020-12-14T14:42:59.935Z|info : amplify-provider-awscloudformation.upload-appsync-files.uploadAppSyncFiles.upload.s3Client.uploadFile([{"Key":"[***]vers/[***]egistro.req.vtl"}])
2020-12-14T14:42:59.936Z|info : amplify-provider-awscloudformation.aws-s3.uploadFile.s3.putObject([{"Key":"[***]ify-[***]ync-[***]es/[***]4227b1391e292d74/[***]vers/[***]egistro.req.vtl","Bucket":"[***]ify-[***]iroapp-[***]od-[***]332-[***]ment"}])
2020-12-14T14:42:59.937Z|info : amplify-provider-awscloudformation.upload-appsync-files.uploadAppSyncFiles.upload.s3Client.uploadFile([{"Key":"[***]vers/[***]egistro.res.vtl"}])
2020-12-14T14:42:59.938Z|info : amplify-provider-awscloudformation.aws-s3.uploadFile.s3.putObject([{"Key":"[***]ify-[***]ync-[***]es/[***]4227b1391e292d74/[***]vers/[***]egistro.res.vtl","Bucket":"[***]ify-[***]iroapp-[***]od-[***]332-[***]ment"}])
2020-12-14T14:42:59.939Z|info : amplify-provider-awscloudformation.upload-appsync-files.uploadAppSyncFiles.upload.s3Client.uploadFile([{"Key":"[***]raphql"}])
2020-12-14T14:42:59.940Z|info : amplify-provider-awscloudformation.aws-s3.uploadFile.s3.putObject([{"Key":"[***]ify-[***]ync-[***]es/[***]4227b1391e292d74/[***]raphql","Bucket":"[***]ify-[***]iroapp-[***]od-[***]332-[***]ment"}])
2020-12-14T14:42:59.942Z|info : amplify-provider-awscloudformation.upload-appsync-files.uploadAppSyncFiles.upload.s3Client.uploadFile([{"Key":"[***]cks/[***]ces.json"}])
2020-12-14T14:42:59.942Z|info : amplify-provider-awscloudformation.aws-s3.uploadFile.s3.putObject([{"Key":"[***]ify-[***]ync-[***]es/[***]4227b1391e292d74/[***]cks/[***]ces.json","Bucket":"[***]ify-[***]iroapp-[***]od-[***]332-[***]ment"}])
2020-12-14T14:42:59.944Z|info : amplify-provider-awscloudformation.upload-appsync-files.uploadAppSyncFiles.upload.s3Client.uploadFile([{"Key":"[***]cks/[***]o.json"}])
2020-12-14T14:42:59.944Z|info : amplify-provider-awscloudformation.aws-s3.uploadFile.s3.putObject([{"Key":"[***]ify-[***]ync-[***]es/[***]4227b1391e292d74/[***]cks/[***]o.json","Bucket":"[***]ify-[***]iroapp-[***]od-[***]332-[***]ment"}])
2020-12-14T14:43:01.124Z|info : amplify-provider-awscloudformation.aws-s3.uploadFile.s3.putObject([{"Key":"[***]ify-[***]fn-[***]ates/[***]pi/[***]mation-[***]e.json","Bucket":"[***]ify-[***]iroapp-[***]od-[***]332-[***]ment"}])
2020-12-14T14:43:02.694Z|info : amplify-provider-awscloudformation.push-resources.updateCloudFormationNestedStack(["/home/alexandre/Estagio/financeiro-app/amplify/backend/awscloudformation","/home/alexandre/Estagio/financeiro-app/amplify/backend/awscloudformation/nested-cloudformation-stack.yml"])
2020-12-14T14:43:02.697Z|info : amplify-provider-awscloudformation.aws-s3.uploadFile.s3.putObject([{"Key":"[***]ted-[***]mation-[***].yml","Bucket":"[***]ify-[***]iroapp-[***]od-[***]332-[***]ment"}])
2020-12-14T14:45:45.088Z|info : amplify-provider-awscloudformation.push-resources.storeCurrentcoudBackend.s3.uploadFile([{"Key":"[***]rent-[***]ud-[***]d.zip"}])
2020-12-14T14:45:45.089Z|info : amplify-provider-awscloudformation.aws-s3.uploadFile.s3.putObject([{"Key":"[***]rent-[***]ud-[***]d.zip","Bucket":"[***]ify-[***]iroapp-[***]od-[***]332-[***]ment"}])
2020-12-14T14:45:46.253Z|info : amplify-provider-awscloudformation.amplify-service-manager.s3.uploadFile([{"Key":"[***]ify-[***]json"}])
2020-12-14T14:45:46.254Z|info : amplify-provider-awscloudformation.aws-s3.uploadFile.s3.putObject([{"Key":"[***]ify-[***]json","Bucket":"[***]ify-[***]iroapp-[***]od-[***]332-[***]ment"}])
2020-12-14T14:45:47.141Z|info : amplify-provider-awscloudformation.amplify-service-manager.s3.uploadFile([{"Key":"[***]end-[***].json"}])
2020-12-14T14:45:47.141Z|info : amplify-provider-awscloudformation.aws-s3.uploadFile.s3.putObject([{"Key":"[***]end-[***].json","Bucket":"[***]ify-[***]iroapp-[***]od-[***]332-[***]ment"}])
